<?xml version="1.0" encoding="UTF-8"?>
<coverage generated="1634726740998" clover="3.2.0">
  <project timestamp="1634726740998" name="All files">
    <metrics statements="31" coveredstatements="23" conditionals="33" coveredconditionals="17" methods="6" coveredmethods="5" elements="70" coveredelements="45" complexity="0" loc="31" ncloc="31" packages="1" files="2" classes="2"/>
    <file name="chekValid.js" path="C:\MyRepositories\Ex.12.4\src\js\chekValid.js">
      <metrics statements="9" coveredstatements="9" conditionals="6" coveredconditionals="6" methods="1" coveredmethods="1"/>
      <line num="10" count="2" type="stmt"/>
      <line num="11" count="2" type="stmt"/>
      <line num="13" count="2" type="stmt"/>
      <line num="14" count="28" type="stmt"/>
      <line num="16" count="28" type="cond" truecount="4" falsecount="0"/>
      <line num="17" count="6" type="stmt"/>
      <line num="20" count="28" type="stmt"/>
      <line num="21" count="28" type="stmt"/>
      <line num="23" count="2" type="cond" truecount="2" falsecount="0"/>
    </file>
    <file name="paymentSystemCheck.js" path="C:\MyRepositories\Ex.12.4\src\js\paymentSystemCheck.js">
      <metrics statements="22" coveredstatements="14" conditionals="27" coveredconditionals="11" methods="5" coveredmethods="4"/>
      <line num="5" count="1" type="stmt"/>
      <line num="9" count="1" type="cond" truecount="1" falsecount="1"/>
      <line num="10" count="0" type="stmt"/>
      <line num="12" count="1" type="stmt"/>
      <line num="13" count="1" type="stmt"/>
      <line num="33" count="1" type="stmt"/>
      <line num="34" count="1" type="stmt"/>
      <line num="35" count="1" type="stmt"/>
      <line num="37" count="1" type="cond" truecount="0" falsecount="2"/>
      <line num="39" count="1" type="cond" truecount="1" falsecount="1"/>
      <line num="40" count="0" type="stmt"/>
      <line num="41" count="1" type="cond" truecount="1" falsecount="1"/>
      <line num="42" count="1" type="cond" truecount="2" falsecount="3"/>
      <line num="43" count="1" type="stmt"/>
      <line num="44" count="1" type="cond" truecount="3" falsecount="1"/>
      <line num="45" count="0" type="stmt"/>
      <line num="46" count="1" type="cond" truecount="3" falsecount="1"/>
      <line num="47" count="0" type="stmt"/>
      <line num="49" count="0" type="cond" truecount="0" falsecount="4"/>
      <line num="50" count="0" type="stmt"/>
      <line num="51" count="0" type="cond" truecount="0" falsecount="2"/>
      <line num="52" count="0" type="stmt"/>
    </file>
  </project>
</coverage>
