<?xml version="1.0" encoding="UTF-8"?>
<coverage generated="1633025425198" clover="3.2.0">
  <project timestamp="1633025425198" name="All files">
    <metrics statements="26" coveredstatements="10" conditionals="31" coveredconditionals="6" methods="4" coveredmethods="2" elements="61" coveredelements="18" complexity="0" loc="26" ncloc="26" packages="1" files="2" classes="2"/>
    <file name="chekValid.js" path="C:\MyRepositories\Ex.12.4\src\js\chekValid.js">
      <metrics statements="9" coveredstatements="9" conditionals="6" coveredconditionals="6" methods="1" coveredmethods="1"/>
      <line num="10" count="2" type="stmt"/>
      <line num="11" count="2" type="stmt"/>
      <line num="13" count="2" type="stmt"/>
      <line num="14" count="14" type="stmt"/>
      <line num="16" count="14" type="cond" truecount="4" falsecount="0"/>
      <line num="17" count="3" type="stmt"/>
      <line num="20" count="14" type="stmt"/>
      <line num="21" count="14" type="stmt"/>
      <line num="23" count="2" type="cond" truecount="2" falsecount="0"/>
    </file>
    <file name="paymentSystemCheck.js" path="C:\MyRepositories\Ex.12.4\src\js\paymentSystemCheck.js">
      <metrics statements="17" coveredstatements="1" conditionals="25" coveredconditionals="0" methods="3" coveredmethods="1"/>
      <line num="5" count="1" type="stmt"/>
      <line num="6" count="0" type="stmt"/>
      <line num="7" count="0" type="stmt"/>
      <line num="9" count="0" type="cond" truecount="0" falsecount="2"/>
      <line num="11" count="0" type="cond" truecount="0" falsecount="2"/>
      <line num="12" count="0" type="stmt"/>
      <line num="13" count="0" type="cond" truecount="0" falsecount="2"/>
      <line num="14" count="0" type="cond" truecount="0" falsecount="5"/>
      <line num="15" count="0" type="stmt"/>
      <line num="16" count="0" type="cond" truecount="0" falsecount="4"/>
      <line num="17" count="0" type="stmt"/>
      <line num="18" count="0" type="cond" truecount="0" falsecount="4"/>
      <line num="19" count="0" type="stmt"/>
      <line num="21" count="0" type="cond" truecount="0" falsecount="4"/>
      <line num="22" count="0" type="stmt"/>
      <line num="23" count="0" type="cond" truecount="0" falsecount="2"/>
      <line num="24" count="0" type="stmt"/>
    </file>
  </project>
</coverage>
