{"C:\\MyRepositories\\Ex.12.4\\src\\js\\chekValid.js": {"path":"C:\\MyRepositories\\Ex.12.4\\src\\js\\chekValid.js","statementMap":{"0":{"start":{"line":10,"column":22},"end":{"line":10,"column":23}},"1":{"start":{"line":11,"column":22},"end":{"line":11,"column":27}},"2":{"start":{"line":13,"column":4},"end":{"line":22,"column":5}},"3":{"start":{"line":13,"column":17},"end":{"line":13,"column":33}},"4":{"start":{"line":14,"column":19},"end":{"line":14,"column":48}},"5":{"start":{"line":16,"column":6},"end":{"line":18,"column":7}},"6":{"start":{"line":17,"column":8},"end":{"line":17,"column":20}},"7":{"start":{"line":20,"column":6},"end":{"line":20,"column":28}},"8":{"start":{"line":21,"column":6},"end":{"line":21,"column":33}},"9":{"start":{"line":23,"column":4},"end":{"line":23,"column":48}},"10":{"start":{"line":23,"column":34},"end":{"line":23,"column":46}}},"fnMap":{"0":{"name":"(anonymous_0)","decl":{"start":{"line":9,"column":2},"end":{"line":9,"column":3}},"loc":{"start":{"line":9,"column":15},"end":{"line":24,"column":3}},"line":9}},"branchMap":{"0":{"loc":{"start":{"line":16,"column":6},"end":{"line":18,"column":7}},"type":"if","locations":[{"start":{"line":16,"column":6},"end":{"line":18,"column":7}},{"start":{"line":16,"column":6},"end":{"line":18,"column":7}}],"line":16},"1":{"loc":{"start":{"line":16,"column":10},"end":{"line":16,"column":42}},"type":"binary-expr","locations":[{"start":{"line":16,"column":10},"end":{"line":16,"column":21}},{"start":{"line":16,"column":25},"end":{"line":16,"column":42}}],"line":16},"2":{"loc":{"start":{"line":23,"column":4},"end":{"line":23,"column":48}},"type":"if","locations":[{"start":{"line":23,"column":4},"end":{"line":23,"column":48}},{"start":{"line":23,"column":4},"end":{"line":23,"column":48}}],"line":23}},"s":{"0":2,"1":2,"2":2,"3":2,"4":28,"5":28,"6":6,"7":28,"8":28,"9":2,"10":1},"f":{"0":2},"b":{"0":[6,22],"1":[28,14],"2":[1,1]},"_coverageSchema":"1a1c01bbd47fc00a2c39e90264f33305004495a9","hash":"67c1577734094bc8d63ccad25e1f964d40b47a41"}
,"C:\\MyRepositories\\Ex.12.4\\src\\js\\paymentSystemCheck.js": {"path":"C:\\MyRepositories\\Ex.12.4\\src\\js\\paymentSystemCheck.js","statementMap":{"0":{"start":{"line":5,"column":4},"end":{"line":5,"column":26}},"1":{"start":{"line":9,"column":4},"end":{"line":11,"column":5}},"2":{"start":{"line":10,"column":6},"end":{"line":10,"column":54}},"3":{"start":{"line":12,"column":4},"end":{"line":12,"column":31}},"4":{"start":{"line":13,"column":4},"end":{"line":29,"column":17}},"5":{"start":{"line":33,"column":19},"end":{"line":33,"column":48}},"6":{"start":{"line":34,"column":22},"end":{"line":34,"column":51}},"7":{"start":{"line":35,"column":18},"end":{"line":35,"column":52}},"8":{"start":{"line":37,"column":6},"end":{"line":37,"column":125}},"9":{"start":{"line":37,"column":35},"end":{"line":37,"column":121}},"10":{"start":{"line":37,"column":85},"end":{"line":37,"column":119}},"11":{"start":{"line":39,"column":4},"end":{"line":53,"column":5}},"12":{"start":{"line":40,"column":6},"end":{"line":40,"column":22}},"13":{"start":{"line":41,"column":11},"end":{"line":53,"column":5}},"14":{"start":{"line":42,"column":6},"end":{"line":44,"column":7}},"15":{"start":{"line":43,"column":8},"end":{"line":43,"column":32}},"16":{"start":{"line":44,"column":8},"end":{"line":46,"column":7}},"17":{"start":{"line":45,"column":8},"end":{"line":45,"column":25}},"18":{"start":{"line":46,"column":8},"end":{"line":48,"column":7}},"19":{"start":{"line":47,"column":8},"end":{"line":47,"column":24}},"20":{"start":{"line":49,"column":11},"end":{"line":53,"column":5}},"21":{"start":{"line":49,"column":31},"end":{"line":49,"column":48}},"22":{"start":{"line":49,"column":56},"end":{"line":53,"column":5}},"23":{"start":{"line":50,"column":6},"end":{"line":50,"column":25}},"24":{"start":{"line":51,"column":11},"end":{"line":53,"column":5}},"25":{"start":{"line":52,"column":6},"end":{"line":52,"column":27}}},"fnMap":{"0":{"name":"(anonymous_0)","decl":{"start":{"line":4,"column":2},"end":{"line":4,"column":3}},"loc":{"start":{"line":4,"column":16},"end":{"line":6,"column":3}},"line":4},"1":{"name":"(anonymous_1)","decl":{"start":{"line":8,"column":2},"end":{"line":8,"column":3}},"loc":{"start":{"line":8,"column":23},"end":{"line":30,"column":3}},"line":8},"2":{"name":"(anonymous_2)","decl":{"start":{"line":32,"column":2},"end":{"line":32,"column":3}},"loc":{"start":{"line":32,"column":15},"end":{"line":54,"column":3}},"line":32},"3":{"name":"blackout","decl":{"start":{"line":36,"column":13},"end":{"line":36,"column":21}},"loc":{"start":{"line":36,"column":28},"end":{"line":38,"column":5}},"line":36},"4":{"name":"(anonymous_4)","decl":{"start":{"line":37,"column":20},"end":{"line":37,"column":21}},"loc":{"start":{"line":37,"column":33},"end":{"line":37,"column":123}},"line":37}},"branchMap":{"0":{"loc":{"start":{"line":9,"column":4},"end":{"line":11,"column":5}},"type":"if","locations":[{"start":{"line":9,"column":4},"end":{"line":11,"column":5}},{"start":{"line":9,"column":4},"end":{"line":11,"column":5}}],"line":9},"1":{"loc":{"start":{"line":37,"column":35},"end":{"line":37,"column":121}},"type":"if","locations":[{"start":{"line":37,"column":35},"end":{"line":37,"column":121}},{"start":{"line":37,"column":35},"end":{"line":37,"column":121}}],"line":37},"2":{"loc":{"start":{"line":39,"column":4},"end":{"line":53,"column":5}},"type":"if","locations":[{"start":{"line":39,"column":4},"end":{"line":53,"column":5}},{"start":{"line":39,"column":4},"end":{"line":53,"column":5}}],"line":39},"3":{"loc":{"start":{"line":41,"column":11},"end":{"line":53,"column":5}},"type":"if","locations":[{"start":{"line":41,"column":11},"end":{"line":53,"column":5}},{"start":{"line":41,"column":11},"end":{"line":53,"column":5}}],"line":41},"4":{"loc":{"start":{"line":42,"column":6},"end":{"line":44,"column":7}},"type":"if","locations":[{"start":{"line":42,"column":6},"end":{"line":44,"column":7}},{"start":{"line":42,"column":6},"end":{"line":44,"column":7}}],"line":42},"5":{"loc":{"start":{"line":42,"column":10},"end":{"line":42,"column":63}},"type":"binary-expr","locations":[{"start":{"line":42,"column":10},"end":{"line":42,"column":25}},{"start":{"line":42,"column":29},"end":{"line":42,"column":44}},{"start":{"line":42,"column":48},"end":{"line":42,"column":63}}],"line":42},"6":{"loc":{"start":{"line":44,"column":8},"end":{"line":46,"column":7}},"type":"if","locations":[{"start":{"line":44,"column":8},"end":{"line":46,"column":7}},{"start":{"line":44,"column":8},"end":{"line":46,"column":7}}],"line":44},"7":{"loc":{"start":{"line":44,"column":12},"end":{"line":44,"column":46}},"type":"binary-expr","locations":[{"start":{"line":44,"column":12},"end":{"line":44,"column":27}},{"start":{"line":44,"column":31},"end":{"line":44,"column":46}}],"line":44},"8":{"loc":{"start":{"line":46,"column":8},"end":{"line":48,"column":7}},"type":"if","locations":[{"start":{"line":46,"column":8},"end":{"line":48,"column":7}},{"start":{"line":46,"column":8},"end":{"line":48,"column":7}}],"line":46},"9":{"loc":{"start":{"line":46,"column":12},"end":{"line":46,"column":46}},"type":"binary-expr","locations":[{"start":{"line":46,"column":12},"end":{"line":46,"column":27}},{"start":{"line":46,"column":31},"end":{"line":46,"column":46}}],"line":46},"10":{"loc":{"start":{"line":49,"column":11},"end":{"line":53,"column":5}},"type":"if","locations":[{"start":{"line":49,"column":11},"end":{"line":53,"column":5}},{"start":{"line":49,"column":11},"end":{"line":53,"column":5}}],"line":49},"11":{"loc":{"start":{"line":49,"column":56},"end":{"line":53,"column":5}},"type":"if","locations":[{"start":{"line":49,"column":56},"end":{"line":53,"column":5}},{"start":{"line":49,"column":56},"end":{"line":53,"column":5}}],"line":49},"12":{"loc":{"start":{"line":51,"column":11},"end":{"line":53,"column":5}},"type":"if","locations":[{"start":{"line":51,"column":11},"end":{"line":53,"column":5}},{"start":{"line":51,"column":11},"end":{"line":53,"column":5}}],"line":51}},"s":{"0":1,"1":1,"2":0,"3":1,"4":1,"5":1,"6":1,"7":1,"8":1,"9":0,"10":0,"11":1,"12":0,"13":1,"14":1,"15":1,"16":1,"17":0,"18":1,"19":0,"20":0,"21":0,"22":0,"23":0,"24":0,"25":0},"f":{"0":1,"1":1,"2":1,"3":1,"4":0},"b":{"0":[0,1],"1":[0,0],"2":[0,1],"3":[1,0],"4":[1,0],"5":[1,0,0],"6":[0,1],"7":[1,1],"8":[0,1],"9":[1,1],"10":[0,0],"11":[0,0],"12":[0,0]},"_coverageSchema":"1a1c01bbd47fc00a2c39e90264f33305004495a9","hash":"ccbeaf7e225c3d8fe85c68a4fe4e8e37ef2c27dc"}
}
