{"C:\\MyRepositories\\Ex.12.4\\src\\js\\chekValid.js": {"path":"C:\\MyRepositories\\Ex.12.4\\src\\js\\chekValid.js","statementMap":{"0":{"start":{"line":10,"column":22},"end":{"line":10,"column":23}},"1":{"start":{"line":11,"column":22},"end":{"line":11,"column":27}},"2":{"start":{"line":13,"column":4},"end":{"line":22,"column":5}},"3":{"start":{"line":13,"column":17},"end":{"line":13,"column":33}},"4":{"start":{"line":14,"column":19},"end":{"line":14,"column":48}},"5":{"start":{"line":16,"column":6},"end":{"line":18,"column":7}},"6":{"start":{"line":17,"column":8},"end":{"line":17,"column":20}},"7":{"start":{"line":20,"column":6},"end":{"line":20,"column":28}},"8":{"start":{"line":21,"column":6},"end":{"line":21,"column":33}},"9":{"start":{"line":23,"column":4},"end":{"line":23,"column":48}},"10":{"start":{"line":23,"column":34},"end":{"line":23,"column":46}}},"fnMap":{"0":{"name":"(anonymous_0)","decl":{"start":{"line":9,"column":2},"end":{"line":9,"column":3}},"loc":{"start":{"line":9,"column":15},"end":{"line":24,"column":3}},"line":9}},"branchMap":{"0":{"loc":{"start":{"line":16,"column":6},"end":{"line":18,"column":7}},"type":"if","locations":[{"start":{"line":16,"column":6},"end":{"line":18,"column":7}},{"start":{"line":16,"column":6},"end":{"line":18,"column":7}}],"line":16},"1":{"loc":{"start":{"line":16,"column":10},"end":{"line":16,"column":42}},"type":"binary-expr","locations":[{"start":{"line":16,"column":10},"end":{"line":16,"column":21}},{"start":{"line":16,"column":25},"end":{"line":16,"column":42}}],"line":16},"2":{"loc":{"start":{"line":23,"column":4},"end":{"line":23,"column":48}},"type":"if","locations":[{"start":{"line":23,"column":4},"end":{"line":23,"column":48}},{"start":{"line":23,"column":4},"end":{"line":23,"column":48}}],"line":23}},"s":{"0":2,"1":2,"2":2,"3":2,"4":14,"5":14,"6":3,"7":14,"8":14,"9":2,"10":1},"f":{"0":2},"b":{"0":[3,11],"1":[14,7],"2":[1,1]},"_coverageSchema":"1a1c01bbd47fc00a2c39e90264f33305004495a9","hash":"67c1577734094bc8d63ccad25e1f964d40b47a41"}
,"C:\\MyRepositories\\Ex.12.4\\src\\js\\paymentSystemCheck.js": {"path":"C:\\MyRepositories\\Ex.12.4\\src\\js\\paymentSystemCheck.js","statementMap":{"0":{"start":{"line":5,"column":19},"end":{"line":5,"column":48}},"1":{"start":{"line":6,"column":22},"end":{"line":6,"column":51}},"2":{"start":{"line":7,"column":18},"end":{"line":7,"column":52}},"3":{"start":{"line":9,"column":6},"end":{"line":9,"column":125}},"4":{"start":{"line":9,"column":35},"end":{"line":9,"column":121}},"5":{"start":{"line":9,"column":85},"end":{"line":9,"column":119}},"6":{"start":{"line":11,"column":4},"end":{"line":25,"column":5}},"7":{"start":{"line":12,"column":6},"end":{"line":12,"column":22}},"8":{"start":{"line":13,"column":11},"end":{"line":25,"column":5}},"9":{"start":{"line":14,"column":6},"end":{"line":16,"column":7}},"10":{"start":{"line":15,"column":8},"end":{"line":15,"column":32}},"11":{"start":{"line":16,"column":8},"end":{"line":18,"column":7}},"12":{"start":{"line":17,"column":8},"end":{"line":17,"column":25}},"13":{"start":{"line":18,"column":8},"end":{"line":20,"column":7}},"14":{"start":{"line":19,"column":8},"end":{"line":19,"column":24}},"15":{"start":{"line":21,"column":11},"end":{"line":25,"column":5}},"16":{"start":{"line":21,"column":31},"end":{"line":21,"column":48}},"17":{"start":{"line":21,"column":56},"end":{"line":25,"column":5}},"18":{"start":{"line":22,"column":6},"end":{"line":22,"column":25}},"19":{"start":{"line":23,"column":11},"end":{"line":25,"column":5}},"20":{"start":{"line":24,"column":6},"end":{"line":24,"column":27}}},"fnMap":{"0":{"name":"(anonymous_0)","decl":{"start":{"line":4,"column":2},"end":{"line":4,"column":3}},"loc":{"start":{"line":4,"column":15},"end":{"line":26,"column":3}},"line":4},"1":{"name":"blackout","decl":{"start":{"line":8,"column":13},"end":{"line":8,"column":21}},"loc":{"start":{"line":8,"column":28},"end":{"line":10,"column":5}},"line":8},"2":{"name":"(anonymous_2)","decl":{"start":{"line":9,"column":20},"end":{"line":9,"column":21}},"loc":{"start":{"line":9,"column":33},"end":{"line":9,"column":123}},"line":9}},"branchMap":{"0":{"loc":{"start":{"line":9,"column":35},"end":{"line":9,"column":121}},"type":"if","locations":[{"start":{"line":9,"column":35},"end":{"line":9,"column":121}},{"start":{"line":9,"column":35},"end":{"line":9,"column":121}}],"line":9},"1":{"loc":{"start":{"line":11,"column":4},"end":{"line":25,"column":5}},"type":"if","locations":[{"start":{"line":11,"column":4},"end":{"line":25,"column":5}},{"start":{"line":11,"column":4},"end":{"line":25,"column":5}}],"line":11},"2":{"loc":{"start":{"line":13,"column":11},"end":{"line":25,"column":5}},"type":"if","locations":[{"start":{"line":13,"column":11},"end":{"line":25,"column":5}},{"start":{"line":13,"column":11},"end":{"line":25,"column":5}}],"line":13},"3":{"loc":{"start":{"line":14,"column":6},"end":{"line":16,"column":7}},"type":"if","locations":[{"start":{"line":14,"column":6},"end":{"line":16,"column":7}},{"start":{"line":14,"column":6},"end":{"line":16,"column":7}}],"line":14},"4":{"loc":{"start":{"line":14,"column":10},"end":{"line":14,"column":63}},"type":"binary-expr","locations":[{"start":{"line":14,"column":10},"end":{"line":14,"column":25}},{"start":{"line":14,"column":29},"end":{"line":14,"column":44}},{"start":{"line":14,"column":48},"end":{"line":14,"column":63}}],"line":14},"5":{"loc":{"start":{"line":16,"column":8},"end":{"line":18,"column":7}},"type":"if","locations":[{"start":{"line":16,"column":8},"end":{"line":18,"column":7}},{"start":{"line":16,"column":8},"end":{"line":18,"column":7}}],"line":16},"6":{"loc":{"start":{"line":16,"column":12},"end":{"line":16,"column":46}},"type":"binary-expr","locations":[{"start":{"line":16,"column":12},"end":{"line":16,"column":27}},{"start":{"line":16,"column":31},"end":{"line":16,"column":46}}],"line":16},"7":{"loc":{"start":{"line":18,"column":8},"end":{"line":20,"column":7}},"type":"if","locations":[{"start":{"line":18,"column":8},"end":{"line":20,"column":7}},{"start":{"line":18,"column":8},"end":{"line":20,"column":7}}],"line":18},"8":{"loc":{"start":{"line":18,"column":12},"end":{"line":18,"column":46}},"type":"binary-expr","locations":[{"start":{"line":18,"column":12},"end":{"line":18,"column":27}},{"start":{"line":18,"column":31},"end":{"line":18,"column":46}}],"line":18},"9":{"loc":{"start":{"line":21,"column":11},"end":{"line":25,"column":5}},"type":"if","locations":[{"start":{"line":21,"column":11},"end":{"line":25,"column":5}},{"start":{"line":21,"column":11},"end":{"line":25,"column":5}}],"line":21},"10":{"loc":{"start":{"line":21,"column":56},"end":{"line":25,"column":5}},"type":"if","locations":[{"start":{"line":21,"column":56},"end":{"line":25,"column":5}},{"start":{"line":21,"column":56},"end":{"line":25,"column":5}}],"line":21},"11":{"loc":{"start":{"line":23,"column":11},"end":{"line":25,"column":5}},"type":"if","locations":[{"start":{"line":23,"column":11},"end":{"line":25,"column":5}},{"start":{"line":23,"column":11},"end":{"line":25,"column":5}}],"line":23}},"s":{"0":1,"1":0,"2":0,"3":0,"4":0,"5":0,"6":0,"7":0,"8":0,"9":0,"10":0,"11":0,"12":0,"13":0,"14":0,"15":0,"16":0,"17":0,"18":0,"19":0,"20":0},"f":{"0":1,"1":0,"2":0},"b":{"0":[0,0],"1":[0,0],"2":[0,0],"3":[0,0],"4":[0,0,0],"5":[0,0],"6":[0,0],"7":[0,0],"8":[0,0],"9":[0,0],"10":[0,0],"11":[0,0]},"_coverageSchema":"1a1c01bbd47fc00a2c39e90264f33305004495a9","hash":"210b8b3716da5670ae00d04fc28861c7329d5045"}
}
