TN:
SF:src\js\chekValid.js
FN:9,(anonymous_0)
FNF:1
FNH:1
FNDA:2,(anonymous_0)
DA:10,2
DA:11,2
DA:13,2
DA:14,28
DA:16,28
DA:17,6
DA:20,28
DA:21,28
DA:23,2
LF:9
LH:9
BRDA:16,0,0,6
BRDA:16,0,1,22
BRDA:16,1,0,28
BRDA:16,1,1,14
BRDA:23,2,0,1
BRDA:23,2,1,1
BRF:6
BRH:6
end_of_record
TN:
SF:src\js\init.js
FN:5,(anonymous_0)
FNF:1
FNH:1
FNDA:1,(anonymous_0)
DA:6,1
DA:7,1
DA:8,1
DA:25,1
LF:4
LH:4
BRF:0
BRH:0
end_of_record
TN:
SF:src\js\paymentSystemCheck.js
FN:4,(anonymous_0)
FN:8,blackout
FN:9,(anonymous_2)
FNF:3
FNH:3
FNDA:1,(anonymous_0)
FNDA:1,blackout
FNDA:7,(anonymous_2)
DA:5,1
DA:6,1
DA:7,1
DA:9,7
DA:11,1
DA:12,0
DA:13,1
DA:14,1
DA:15,1
DA:16,1
DA:17,0
DA:18,1
DA:19,0
DA:21,0
DA:22,0
DA:23,0
DA:24,0
LF:17
LH:10
BRDA:9,0,0,6
BRDA:9,0,1,1
BRDA:11,1,0,0
BRDA:11,1,1,1
BRDA:13,2,0,1
BRDA:13,2,1,0
BRDA:14,3,0,1
BRDA:14,3,1,0
BRDA:14,4,0,1
BRDA:14,4,1,0
BRDA:14,4,2,0
BRDA:16,5,0,0
BRDA:16,5,1,1
BRDA:16,6,0,1
BRDA:16,6,1,1
BRDA:18,7,0,0
BRDA:18,7,1,1
BRDA:18,8,0,1
BRDA:18,8,1,1
BRDA:21,9,0,0
BRDA:21,9,1,0
BRDA:21,10,0,0
BRDA:21,10,1,0
BRDA:23,11,0,0
BRDA:23,11,1,0
BRF:25
BRH:12
end_of_record
