TN:
SF:src\js\chekValid.js
FN:8,(anonymous_0)
FNF:1
FNH:1
FNDA:9,(anonymous_0)
DA:9,9
DA:10,9
DA:11,9
DA:13,9
DA:14,137
DA:16,137
DA:17,23
DA:20,137
DA:21,137
DA:23,9
LF:10
LH:10
BRDA:16,0,0,23
BRDA:16,0,1,114
BRDA:16,1,0,137
BRDA:16,1,1,68
BRDA:23,2,0,8
BRDA:23,2,1,1
BRF:6
BRH:6
end_of_record
TN:
SF:src\js\init.js
FN:9,(anonymous_0)
FN:16,(anonymous_1)
FN:36,(anonymous_2)
FN:38,(anonymous_3)
FN:40,(anonymous_4)
FN:43,(anonymous_5)
FN:46,(anonymous_6)
FN:48,(anonymous_7)
FNF:8
FNH:8
FNDA:2,(anonymous_0)
FNDA:3,(anonymous_1)
FNDA:1,(anonymous_2)
FNDA:3,(anonymous_3)
FNDA:2,(anonymous_4)
FNDA:7,(anonymous_5)
FNDA:7,(anonymous_6)
FNDA:49,(anonymous_7)
DA:10,2
DA:11,2
DA:12,2
DA:13,2
DA:17,3
DA:36,1
DA:38,3
DA:41,2
DA:42,2
DA:43,7
DA:47,7
DA:48,49
DA:49,7
DA:50,7
DA:51,0
LF:15
LH:14
BRDA:49,0,0,7
BRDA:49,0,1,0
BRF:2
BRH:1
end_of_record
TN:
SF:src\js\paymentSystemCheck.js
FN:5,(anonymous_0)
FN:11,(anonymous_1)
FN:32,(anonymous_2)
FNF:3
FNH:3
FNDA:2,(anonymous_0)
FNDA:7,(anonymous_1)
FNDA:7,(anonymous_2)
DA:6,2
DA:7,2
DA:8,2
DA:12,7
DA:13,7
DA:14,7
DA:15,7
DA:16,1
DA:17,6
DA:18,3
DA:19,1
DA:20,3
DA:21,1
DA:22,3
DA:23,1
DA:25,3
DA:26,1
DA:27,1
DA:28,1
DA:33,7
DA:34,49
DA:35,49
LF:22
LH:22
BRDA:15,0,0,1
BRDA:15,0,1,6
BRDA:17,1,0,3
BRDA:17,1,1,3
BRDA:18,2,0,1
BRDA:18,2,1,2
BRDA:18,3,0,3
BRDA:18,3,1,2
BRDA:18,3,2,2
BRDA:20,4,0,1
BRDA:20,4,1,2
BRDA:20,5,0,3
BRDA:20,5,1,3
BRDA:22,6,0,1
BRDA:22,6,1,2
BRDA:22,7,0,3
BRDA:22,7,1,3
BRDA:25,8,0,1
BRDA:25,8,1,2
BRDA:25,9,0,1
BRDA:25,9,1,1
BRDA:27,10,0,1
BRDA:27,10,1,0
BRDA:35,11,0,42
BRDA:35,11,1,7
BRF:25
BRH:24
end_of_record
